Output of:
/home/jihong/Templates/risc-v64-naruto-pi/compile_tools/output/linux/bin/riscv64-unknown-linux-gnu-gcc -Wall -Wshadow -Wwrite-strings -Wundef -Wstrict-prototypes -Wunused -Wunused-parameter -Wunused-function -Wunused-value -Wmissing-prototypes -Wmissing-declarations -Wno-format-security -Wdeclaration-after-statement -Wold-style-definition -finline-limit=0 -fno-builtin-strlen -fomit-frame-pointer -ffunction-sections -fdata-sections -fno-guess-branch-probability -funsigned-char -static-libgcc -falign-functions=1 -falign-jumps=1 -falign-labels=1 -falign-loops=1 -fno-unwind-tables -fno-asynchronous-unwind-tables -fno-builtin-printf -Oz -o busybox_unstripped -Wl,--sort-common -Wl,--sort-section,alignment -Wl,--gc-sections -Wl,--start-group applets/built-in.o archival/lib.a archival/libarchive/lib.a console-tools/lib.a coreutils/lib.a coreutils/libcoreutils/lib.a debianutils/lib.a klibc-utils/lib.a e2fsprogs/lib.a editors/lib.a findutils/lib.a init/lib.a libbb/lib.a libpwdgrp/lib.a loginutils/lib.a mailutils/lib.a miscutils/lib.a modutils/lib.a networking/lib.a networking/libiproute/lib.a networking/udhcp/lib.a printutils/lib.a procps/lib.a runit/lib.a selinux/lib.a shell/lib.a sysklogd/lib.a util-linux/lib.a util-linux/volume_id/lib.a archival/built-in.o archival/libarchive/built-in.o console-tools/built-in.o coreutils/built-in.o coreutils/libcoreutils/built-in.o debianutils/built-in.o klibc-utils/built-in.o e2fsprogs/built-in.o editors/built-in.o findutils/built-in.o init/built-in.o libbb/built-in.o libpwdgrp/built-in.o loginutils/built-in.o mailutils/built-in.o miscutils/built-in.o modutils/built-in.o networking/built-in.o networking/libiproute/built-in.o networking/udhcp/built-in.o printutils/built-in.o procps/built-in.o runit/built-in.o selinux/built-in.o shell/built-in.o sysklogd/built-in.o util-linux/built-in.o util-linux/volume_id/built-in.o -Wl,--end-group -Wl,--start-group -lm -Wl,--end-group -Wl,--warn-common -Wl,-Map,busybox_unstripped.map -Wl,--verbose
==========
GNU ld (GNU Binutils) 2.42
  Supported emulations:
   elf64lriscv
   elf64lriscv_lp64f
   elf64lriscv_lp64
   elf32lriscv
   elf32lriscv_ilp32f
   elf32lriscv_ilp32
   elf64briscv
   elf64briscv_lp64f
   elf64briscv_lp64
   elf32briscv
   elf32briscv_ilp32f
   elf32briscv_ilp32
using internal linker script:
==================================================
/* Script for -z combreloc */
/* Copyright (C) 2014-2024 Free Software Foundation, Inc.
   Copying and distribution of this script, with or without modification,
   are permitted in any medium without royalty provided the copyright
   notice and this notice are preserved.  */
OUTPUT_FORMAT("elf64-littleriscv", "elf64-littleriscv",
	      "elf64-littleriscv")
OUTPUT_ARCH(riscv)
ENTRY(_start)
SEARCH_DIR("=/home/jihong/Templates/risc-v64-naruto-pi/compile_tools/output/linux/riscv64-unknown-linux-gnu/lib64/lp64d"); SEARCH_DIR("=/home/jihong/Templates/risc-v64-naruto-pi/compile_tools/output/linux/riscv64-unknown-linux-gnu/lib64"); SEARCH_DIR("=/usr/local/lib64/lp64d"); SEARCH_DIR("=/usr/local/lib64"); SEARCH_DIR("=/lib64/lp64d"); SEARCH_DIR("=/lib64"); SEARCH_DIR("=/usr/lib64/lp64d"); SEARCH_DIR("=/usr/lib64"); SEARCH_DIR("=/home/jihong/Templates/risc-v64-naruto-pi/compile_tools/output/linux/riscv64-unknown-linux-gnu/lib"); SEARCH_DIR("=/usr/local/lib"); SEARCH_DIR("=/lib"); SEARCH_DIR("=/usr/lib");
SECTIONS
{
  /* Read-only sections, merged into text segment: */
  PROVIDE (__executable_start = SEGMENT_START("text-segment", 0x10000)); . = SEGMENT_START("text-segment", 0x10000) + SIZEOF_HEADERS;
  .interp         : { *(.interp) }
  .note.gnu.build-id  : { *(.note.gnu.build-id) }
  .hash           : { *(.hash) }
  .gnu.hash       : { *(.gnu.hash) }
  .dynsym         : { *(.dynsym) }
  .dynstr         : { *(.dynstr) }
  .gnu.version    : { *(.gnu.version) }
  .gnu.version_d  : { *(.gnu.version_d) }
  .gnu.version_r  : { *(.gnu.version_r) }
  .rela.dyn       :
    {
      *(.rela.init)
      *(.rela.text .rela.text.* .rela.gnu.linkonce.t.*)
      *(.rela.fini)
      *(.rela.rodata .rela.rodata.* .rela.gnu.linkonce.r.*)
      *(.rela.data .rela.data.* .rela.gnu.linkonce.d.*)
      *(.rela.tdata .rela.tdata.* .rela.gnu.linkonce.td.*)
      *(.rela.tbss .rela.tbss.* .rela.gnu.linkonce.tb.*)
      *(.rela.ctors)
      *(.rela.dtors)
      *(.rela.got)
      *(.rela.sdata .rela.sdata.* .rela.gnu.linkonce.s.*)
      *(.rela.sbss .rela.sbss.* .rela.gnu.linkonce.sb.*)
      *(.rela.sdata2 .rela.sdata2.* .rela.gnu.linkonce.s2.*)
      *(.rela.sbss2 .rela.sbss2.* .rela.gnu.linkonce.sb2.*)
      *(.rela.bss .rela.bss.* .rela.gnu.linkonce.b.*)
      *(.rela.ifunc)
    }
  .rela.plt       :
    {
      *(.rela.plt)
      PROVIDE_HIDDEN (__rela_iplt_start = .);
      *(.rela.iplt)
      PROVIDE_HIDDEN (__rela_iplt_end = .);
    }
  .init           :
  {
    KEEP (*(SORT_NONE(.init)))
  }
  .plt            : { *(.plt) *(.iplt) }
  .text           :
  {
    *(.text.unlikely .text.*_unlikely .text.unlikely.*)
    *(.text.exit .text.exit.*)
    *(.text.startup .text.startup.*)
    *(.text.hot .text.hot.*)
    *(SORT(.text.sorted.*))
    *(.text .stub .text.* .gnu.linkonce.t.*)
    /* .gnu.warning sections are handled specially by elf.em.  */
    *(.gnu.warning)
  }
  .fini           :
  {
    KEEP (*(SORT_NONE(.fini)))
  }
  PROVIDE (__etext = .);
  PROVIDE (_etext = .);
  PROVIDE (etext = .);
  .rodata         : { *(.rodata .rodata.* .gnu.linkonce.r.*) }
  .rodata1        : { *(.rodata1) }
  .sdata2         :
  {
    *(.sdata2 .sdata2.* .gnu.linkonce.s2.*)
  }
  .sbss2          : { *(.sbss2 .sbss2.* .gnu.linkonce.sb2.*) }
  .eh_frame_hdr   : { *(.eh_frame_hdr) *(.eh_frame_entry .eh_frame_entry.*) }
  .eh_frame       : ONLY_IF_RO { KEEP (*(.eh_frame)) *(.eh_frame.*) }
  .sframe         : ONLY_IF_RO { *(.sframe) *(.sframe.*) }
  .gcc_except_table   : ONLY_IF_RO { *(.gcc_except_table .gcc_except_table.*) }
  .gnu_extab   : ONLY_IF_RO { *(.gnu_extab*) }
  /* These sections are generated by the Sun/Oracle C++ compiler.  */
  .exception_ranges   : ONLY_IF_RO { *(.exception_ranges*) }
  /* Adjust the address for the data segment.  We want to adjust up to
     the same address within the page on the next page up.  */
  . = DATA_SEGMENT_ALIGN (CONSTANT (MAXPAGESIZE), CONSTANT (COMMONPAGESIZE));
  /* Exception handling  */
  .eh_frame       : ONLY_IF_RW { KEEP (*(.eh_frame)) *(.eh_frame.*) }
  .sframe         : ONLY_IF_RW { *(.sframe) *(.sframe.*) }
  .gnu_extab      : ONLY_IF_RW { *(.gnu_extab) }
  .gcc_except_table   : ONLY_IF_RW { *(.gcc_except_table .gcc_except_table.*) }
  .exception_ranges   : ONLY_IF_RW { *(.exception_ranges*) }
  /* Thread Local Storage sections  */
  .tdata	  :
   {
     PROVIDE_HIDDEN (__tdata_start = .);
     *(.tdata .tdata.* .gnu.linkonce.td.*)
   }
  .tbss		  : { *(.tbss .tbss.* .gnu.linkonce.tb.*) *(.tcommon) }
  .preinit_array    :
  {
    PROVIDE_HIDDEN (__preinit_array_start = .);
    KEEP (*(.preinit_array))
    PROVIDE_HIDDEN (__preinit_array_end = .);
  }
  .init_array    :
  {
    PROVIDE_HIDDEN (__init_array_start = .);
    KEEP (*(SORT_BY_INIT_PRIORITY(.init_array.*) SORT_BY_INIT_PRIORITY(.ctors.*)))
    KEEP (*(.init_array EXCLUDE_FILE (*crtbegin.o *crtbegin?.o *crtend.o *crtend?.o ) .ctors))
    PROVIDE_HIDDEN (__init_array_end = .);
  }
  .fini_array    :
  {
    PROVIDE_HIDDEN (__fini_array_start = .);
    KEEP (*(SORT_BY_INIT_PRIORITY(.fini_array.*) SORT_BY_INIT_PRIORITY(.dtors.*)))
    KEEP (*(.fini_array EXCLUDE_FILE (*crtbegin.o *crtbegin?.o *crtend.o *crtend?.o ) .dtors))
    PROVIDE_HIDDEN (__fini_array_end = .);
  }
  .ctors          :
  {
    /* gcc uses crtbegin.o to find the start of
       the constructors, so we make sure it is
       first.  Because this is a wildcard, it
       doesn't matter if the user does not
       actually link against crtbegin.o; the
       linker won't look for a file to match a
       wildcard.  The wildcard also means that it
       doesn't matter which directory crtbegin.o
       is in.  */
    KEEP (*crtbegin.o(.ctors))
    KEEP (*crtbegin?.o(.ctors))
    /* We don't want to include the .ctor section from
       the crtend.o file until after the sorted ctors.
       The .ctor section from the crtend file contains the
       end of ctors marker and it must be last */
    KEEP (*(EXCLUDE_FILE (*crtend.o *crtend?.o ) .ctors))
    KEEP (*(SORT(.ctors.*)))
    KEEP (*(.ctors))
  }
  .dtors          :
  {
    KEEP (*crtbegin.o(.dtors))
    KEEP (*crtbegin?.o(.dtors))
    KEEP (*(EXCLUDE_FILE (*crtend.o *crtend?.o ) .dtors))
    KEEP (*(SORT(.dtors.*)))
    KEEP (*(.dtors))
  }
  .jcr            : { KEEP (*(.jcr)) }
  .data.rel.ro : { *(.data.rel.ro.local* .gnu.linkonce.d.rel.ro.local.*) *(.data.rel.ro .data.rel.ro.* .gnu.linkonce.d.rel.ro.*) }
  .dynamic        : { *(.dynamic) }
  .got            : { *(.got) *(.igot) }
  . = DATA_SEGMENT_RELRO_END (SIZEOF (.got.plt) >= 16 ? 16 : 0, .);
  .got.plt        : { *(.got.plt) *(.igot.plt) }
  .data           :
  {
    __DATA_BEGIN__ = .;
    *(.data .data.* .gnu.linkonce.d.*)
    SORT(CONSTRUCTORS)
  }
  .data1          : { *(.data1) }
  /* We want the small data sections together, so single-instruction offsets
     can access them all, and initialized data all before uninitialized, so
     we can shorten the on-disk segment size.  */
  .sdata          :
  {
    __SDATA_BEGIN__ = .;
    *(.srodata.cst16) *(.srodata.cst8) *(.srodata.cst4) *(.srodata.cst2) *(.srodata .srodata.*)
    *(.sdata .sdata.* .gnu.linkonce.s.*)
  }
  _edata = .; PROVIDE (edata = .);
  . = ALIGN(ALIGNOF(NEXT_SECTION));
  __bss_start = .;
  .sbss           :
  {
    *(.dynsbss)
    *(.sbss .sbss.* .gnu.linkonce.sb.*)
    *(.scommon)
  }
  .bss            :
  {
   *(.dynbss)
   *(.bss .bss.* .gnu.linkonce.b.*)
   *(COMMON)
   /* Align here to ensure that the .bss section occupies space up to
      _end.  Align after .bss to ensure correct alignment even if the
      .bss section disappears because there are no input sections.
      FIXME: Why do we need it? When there is no .bss section, we do not
      pad the .data section.  */
   . = ALIGN(. != 0 ? 64 / 8 : 1);
  }
  . = ALIGN(64 / 8);
  . = SEGMENT_START("ldata-segment", .);
  . = ALIGN(64 / 8);
  __BSS_END__ = .;
    __global_pointer$ = MIN(__SDATA_BEGIN__ + 0x800,
		            MAX(__DATA_BEGIN__ + 0x800, __BSS_END__ - 0x800));
  _end = .; PROVIDE (end = .);
  . = DATA_SEGMENT_END (.);
  /* Stabs debugging sections.  */
  .stab          0 : { *(.stab) }
  .stabstr       0 : { *(.stabstr) }
  .stab.excl     0 : { *(.stab.excl) }
  .stab.exclstr  0 : { *(.stab.exclstr) }
  .stab.index    0 : { *(.stab.index) }
  .stab.indexstr 0 : { *(.stab.indexstr) }
  .comment 0 (INFO) : { *(.comment); LINKER_VERSION; }
  .gnu.build.attributes : { *(.gnu.build.attributes .gnu.build.attributes.*) }
  /* DWARF debug sections.
     Symbols in the DWARF debugging sections are relative to the beginning
     of the section so we begin them at 0.  */
  /* DWARF 1.  */
  .debug          0 : { *(.debug) }
  .line           0 : { *(.line) }
  /* GNU DWARF 1 extensions.  */
  .debug_srcinfo  0 : { *(.debug_srcinfo) }
  .debug_sfnames  0 : { *(.debug_sfnames) }
  /* DWARF 1.1 and DWARF 2.  */
  .debug_aranges  0 : { *(.debug_aranges) }
  .debug_pubnames 0 : { *(.debug_pubnames) }
  /* DWARF 2.  */
  .debug_info     0 : { *(.debug_info .gnu.linkonce.wi.*) }
  .debug_abbrev   0 : { *(.debug_abbrev) }
  .debug_line     0 : { *(.debug_line .debug_line.* .debug_line_end) }
  .debug_frame    0 : { *(.debug_frame) }
  .debug_str      0 : { *(.debug_str) }
  .debug_loc      0 : { *(.debug_loc) }
  .debug_macinfo  0 : { *(.debug_macinfo) }
  /* SGI/MIPS DWARF 2 extensions.  */
  .debug_weaknames 0 : { *(.debug_weaknames) }
  .debug_funcnames 0 : { *(.debug_funcnames) }
  .debug_typenames 0 : { *(.debug_typenames) }
  .debug_varnames  0 : { *(.debug_varnames) }
  /* DWARF 3.  */
  .debug_pubtypes 0 : { *(.debug_pubtypes) }
  .debug_ranges   0 : { *(.debug_ranges) }
  /* DWARF 5.  */
  .debug_addr     0 : { *(.debug_addr) }
  .debug_line_str 0 : { *(.debug_line_str) }
  .debug_loclists 0 : { *(.debug_loclists) }
  .debug_macro    0 : { *(.debug_macro) }
  .debug_names    0 : { *(.debug_names) }
  .debug_rnglists 0 : { *(.debug_rnglists) }
  .debug_str_offsets 0 : { *(.debug_str_offsets) }
  .debug_sup      0 : { *(.debug_sup) }
  .gnu.attributes 0 : { KEEP (*(.gnu.attributes)) }
  /DISCARD/ : { *(.note.GNU-stack) *(.gnu_debuglink) *(.gnu.lto_*) }
}


==================================================
/home/jihong/Templates/risc-v64-naruto-pi/compile_tools/output/linux/lib/gcc/riscv64-unknown-linux-gnu/13.2.0/../../../../riscv64-unknown-linux-gnu/bin/ld: mode elf64lriscv
attempt to open /home/jihong/Templates/risc-v64-naruto-pi/compile_tools/output/linux/sysroot/usr/lib/crt1.o succeeded
/home/jihong/Templates/risc-v64-naruto-pi/compile_tools/output/linux/sysroot/usr/lib/crt1.o
attempt to open /home/jihong/Templates/risc-v64-naruto-pi/compile_tools/output/linux/lib/gcc/riscv64-unknown-linux-gnu/13.2.0/crti.o succeeded
/home/jihong/Templates/risc-v64-naruto-pi/compile_tools/output/linux/lib/gcc/riscv64-unknown-linux-gnu/13.2.0/crti.o
attempt to open /home/jihong/Templates/risc-v64-naruto-pi/compile_tools/output/linux/lib/gcc/riscv64-unknown-linux-gnu/13.2.0/crtbegin.o succeeded
/home/jihong/Templates/risc-v64-naruto-pi/compile_tools/output/linux/lib/gcc/riscv64-unknown-linux-gnu/13.2.0/crtbegin.o
attempt to open applets/built-in.o succeeded
applets/built-in.o
attempt to open archival/lib.a succeeded
archival/lib.a
attempt to open archival/libarchive/lib.a succeeded
archival/libarchive/lib.a
attempt to open console-tools/lib.a succeeded
console-tools/lib.a
attempt to open coreutils/lib.a succeeded
coreutils/lib.a
attempt to open coreutils/libcoreutils/lib.a succeeded
coreutils/libcoreutils/lib.a
attempt to open debianutils/lib.a succeeded
debianutils/lib.a
attempt to open klibc-utils/lib.a succeeded
klibc-utils/lib.a
attempt to open e2fsprogs/lib.a succeeded
e2fsprogs/lib.a
attempt to open editors/lib.a succeeded
editors/lib.a
attempt to open findutils/lib.a succeeded
findutils/lib.a
attempt to open init/lib.a succeeded
init/lib.a
attempt to open libbb/lib.a succeeded
libbb/lib.a
(libbb/lib.a)appletlib.o
(libbb/lib.a)compare_string_array.o
(libbb/lib.a)concat_path_file.o
(libbb/lib.a)default_error_retval.o
(libbb/lib.a)get_last_path_component.o
(libbb/lib.a)last_char_is.o
(libbb/lib.a)messages.o
(libbb/lib.a)perror_msg.o
(libbb/lib.a)ptr_to_globals.o
(libbb/lib.a)verror_msg.o
(libbb/lib.a)xfunc_die.o
(libbb/lib.a)xfuncs.o
(libbb/lib.a)xfuncs_printf.o
(libbb/lib.a)xreadlink.o
(libbb/lib.a)copyfd.o
(libbb/lib.a)full_write.o
(libbb/lib.a)read.o
(libbb/lib.a)safe_write.o
(libbb/lib.a)signals.o
(libbb/lib.a)time.o
(libbb/lib.a)xgetcwd.o
(libbb/lib.a)bb_strtonum.o
attempt to open libpwdgrp/lib.a succeeded
libpwdgrp/lib.a
attempt to open loginutils/lib.a succeeded
loginutils/lib.a
(loginutils/lib.a)add-remove-shell.o
(loginutils/lib.a)addgroup.o
(loginutils/lib.a)adduser.o
(loginutils/lib.a)chpasswd.o
(loginutils/lib.a)cryptpw.o
(loginutils/lib.a)deluser.o
(loginutils/lib.a)getty.o
(loginutils/lib.a)login.o
(loginutils/lib.a)passwd.o
(loginutils/lib.a)su.o
(loginutils/lib.a)sulogin.o
(loginutils/lib.a)vlock.o
attempt to open mailutils/lib.a succeeded
mailutils/lib.a
(mailutils/lib.a)makemime.o
(mailutils/lib.a)popmaildir.o
(mailutils/lib.a)reformime.o
(mailutils/lib.a)sendmail.o
(mailutils/lib.a)mail.o
attempt to open miscutils/lib.a succeeded
miscutils/lib.a
(miscutils/lib.a)ascii.o
(miscutils/lib.a)bc.o
(miscutils/lib.a)chat.o
(miscutils/lib.a)crond.o
(miscutils/lib.a)crontab.o
(miscutils/lib.a)devmem.o
(miscutils/lib.a)hexedit.o
(miscutils/lib.a)i2c_tools.o
(miscutils/lib.a)less.o
(miscutils/lib.a)lsscsi.o
(miscutils/lib.a)man.o
(miscutils/lib.a)mt.o
(miscutils/lib.a)partprobe.o
(miscutils/lib.a)seedrng.o
(miscutils/lib.a)setfattr.o
(miscutils/lib.a)strings.o
(miscutils/lib.a)time.o
(miscutils/lib.a)tree.o
(miscutils/lib.a)ts.o
(miscutils/lib.a)ttysize.o
(miscutils/lib.a)ubirename.o
(miscutils/lib.a)volname.o
attempt to open modutils/lib.a succeeded
modutils/lib.a
attempt to open networking/lib.a succeeded
networking/lib.a
(networking/lib.a)dnsd.o
(networking/lib.a)ftpd.o
(networking/lib.a)ftpgetput.o
(networking/lib.a)hostname.o
(networking/lib.a)httpd.o
(networking/lib.a)ifupdown.o
(networking/lib.a)inetd.o
(networking/lib.a)ip.o
(networking/lib.a)ipcalc.o
(networking/lib.a)isrv_identd.o
(networking/lib.a)nc.o
(networking/lib.a)parse_pasv_epsv.o
(networking/lib.a)pscan.o
(networking/lib.a)ssl_client.o
(networking/lib.a)tc.o
(networking/lib.a)tcpudp.o
(networking/lib.a)tcpudp_perhost.o
(networking/lib.a)telnet.o
(networking/lib.a)telnetd.o
(networking/lib.a)tftp.o
(networking/lib.a)tls.o
(networking/lib.a)tls_aes.o
(networking/lib.a)tls_aesgcm.o
(networking/lib.a)tls_fe.o
(networking/lib.a)tls_pstm.o
(networking/lib.a)tls_pstm_montgomery_reduce.o
(networking/lib.a)tls_pstm_mul_comba.o
(networking/lib.a)tls_pstm_sqr_comba.o
(networking/lib.a)tls_rsa.o
(networking/lib.a)tls_sp_c32.o
(networking/lib.a)wget.o
(networking/lib.a)whois.o
(networking/lib.a)isrv.o
attempt to open networking/libiproute/lib.a succeeded
networking/libiproute/lib.a
(networking/libiproute/lib.a)ip_parse_common_args.o
(networking/libiproute/lib.a)ipneigh.o
(networking/libiproute/lib.a)libnetlink.o
(networking/libiproute/lib.a)ll_addr.o
(networking/libiproute/lib.a)ll_map.o
(networking/libiproute/lib.a)ll_proto.o
(networking/libiproute/lib.a)utils.o
attempt to open networking/udhcp/lib.a succeeded
networking/udhcp/lib.a
(networking/udhcp/lib.a)d6_dhcpc.o
(networking/udhcp/lib.a)d6_packet.o
(networking/udhcp/lib.a)d6_socket.o
(networking/udhcp/lib.a)domain_codec.o
(networking/udhcp/lib.a)signalpipe.o
(networking/udhcp/lib.a)common.o
attempt to open printutils/lib.a succeeded
printutils/lib.a
(printutils/lib.a)lpd.o
(printutils/lib.a)lpr.o
attempt to open procps/lib.a succeeded
procps/lib.a
(procps/lib.a)fuser.o
(procps/lib.a)iostat.o
(procps/lib.a)kill.o
(procps/lib.a)lsof.o
(procps/lib.a)mpstat.o
(procps/lib.a)nmeter.o
(procps/lib.a)pgrep.o
(procps/lib.a)pidof.o
(procps/lib.a)ps.o
(procps/lib.a)pstree.o
(procps/lib.a)pwdx.o
(procps/lib.a)smemcap.o
(procps/lib.a)sysctl.o
(procps/lib.a)top.o
(procps/lib.a)watch.o
attempt to open runit/lib.a succeeded
runit/lib.a
(runit/lib.a)chpst.o
(runit/lib.a)runsv.o
(runit/lib.a)runsvdir.o
(runit/lib.a)sv.o
(runit/lib.a)svlogd.o
attempt to open selinux/lib.a succeeded
selinux/lib.a
attempt to open shell/lib.a succeeded
shell/lib.a
(shell/lib.a)ash.o
(shell/lib.a)ash_ptr_hack.o
(shell/lib.a)hush.o
(shell/lib.a)match.o
(shell/lib.a)math.o
(shell/lib.a)random.o
(shell/lib.a)shell_common.o
attempt to open sysklogd/lib.a succeeded
sysklogd/lib.a
(sysklogd/lib.a)logread.o
(sysklogd/lib.a)syslogd_and_logger.o
attempt to open util-linux/lib.a succeeded
util-linux/lib.a
(util-linux/lib.a)blkdiscard.o
(util-linux/lib.a)cal.o
(util-linux/lib.a)chrt.o
(util-linux/lib.a)dmesg.o
(util-linux/lib.a)fallocate.o
(util-linux/lib.a)fatattr.o
(util-linux/lib.a)flock.o
(util-linux/lib.a)fsck_minix.o
(util-linux/lib.a)fsfreeze.o
(util-linux/lib.a)fstrim.o
(util-linux/lib.a)getopt.o
(util-linux/lib.a)hexdump.o
(util-linux/lib.a)hexdump_xxd.o
(util-linux/lib.a)ipcrm.o
(util-linux/lib.a)mdev.o
(util-linux/lib.a)mesg.o
(util-linux/lib.a)mkfs_ext2.o
(util-linux/lib.a)mkfs_vfat.o
(util-linux/lib.a)mkswap.o
(util-linux/lib.a)more.o
(util-linux/lib.a)mount.o
(util-linux/lib.a)nsenter.o
(util-linux/lib.a)pivot_root.o
(util-linux/lib.a)rdate.o
(util-linux/lib.a)rdev.o
(util-linux/lib.a)readprofile.o
(util-linux/lib.a)renice.o
(util-linux/lib.a)rev.o
(util-linux/lib.a)script.o
(util-linux/lib.a)scriptreplay.o
(util-linux/lib.a)setarch.o
(util-linux/lib.a)setpriv.o
(util-linux/lib.a)setsid.o
(util-linux/lib.a)swaponoff.o
(util-linux/lib.a)switch_root.o
(util-linux/lib.a)uevent.o
(util-linux/lib.a)unshare.o
attempt to open util-linux/volume_id/lib.a succeeded
util-linux/volume_id/lib.a
(util-linux/volume_id/lib.a)get_devname.o
(util-linux/volume_id/lib.a)volume_id.o
(util-linux/volume_id/lib.a)bcache.o
(util-linux/volume_id/lib.a)erofs.o
(util-linux/volume_id/lib.a)exfat.o
(util-linux/volume_id/lib.a)f2fs.o
(util-linux/volume_id/lib.a)minix.o
(util-linux/volume_id/lib.a)nilfs.o
(util-linux/volume_id/lib.a)ubifs.o
(util-linux/volume_id/lib.a)util.o
attempt to open archival/built-in.o succeeded
archival/built-in.o
attempt to open archival/libarchive/built-in.o succeeded
archival/libarchive/built-in.o
attempt to open console-tools/built-in.o succeeded
console-tools/built-in.o
attempt to open coreutils/built-in.o succeeded
coreutils/built-in.o
attempt to open coreutils/libcoreutils/built-in.o succeeded
coreutils/libcoreutils/built-in.o
attempt to open debianutils/built-in.o succeeded
debianutils/built-in.o
attempt to open klibc-utils/built-in.o succeeded
klibc-utils/built-in.o
attempt to open e2fsprogs/built-in.o succeeded
e2fsprogs/built-in.o
attempt to open editors/built-in.o succeeded
editors/built-in.o
attempt to open findutils/built-in.o succeeded
findutils/built-in.o
attempt to open init/built-in.o succeeded
init/built-in.o
attempt to open libbb/built-in.o succeeded
libbb/built-in.o
attempt to open libpwdgrp/built-in.o succeeded
libpwdgrp/built-in.o
attempt to open loginutils/built-in.o succeeded
loginutils/built-in.o
attempt to open mailutils/built-in.o succeeded
mailutils/built-in.o
attempt to open miscutils/built-in.o succeeded
miscutils/built-in.o
attempt to open modutils/built-in.o succeeded
modutils/built-in.o
attempt to open networking/built-in.o succeeded
networking/built-in.o
attempt to open networking/libiproute/built-in.o succeeded
networking/libiproute/built-in.o
attempt to open networking/udhcp/built-in.o succeeded
networking/udhcp/built-in.o
attempt to open printutils/built-in.o succeeded
printutils/built-in.o
attempt to open procps/built-in.o succeeded
procps/built-in.o
attempt to open runit/built-in.o succeeded
runit/built-in.o
attempt to open selinux/built-in.o succeeded
selinux/built-in.o
attempt to open shell/built-in.o succeeded
shell/built-in.o
attempt to open sysklogd/built-in.o succeeded
sysklogd/built-in.o
attempt to open util-linux/built-in.o succeeded
util-linux/built-in.o
attempt to open util-linux/volume_id/built-in.o succeeded
util-linux/volume_id/built-in.o
archival/lib.a
(archival/lib.a)bbunzip.o
(archival/lib.a)bzip2.o
(archival/lib.a)chksum_and_xwrite_tar_header.o
(archival/lib.a)cpio.o
(archival/lib.a)gzip.o
(archival/lib.a)lzop.o
(archival/lib.a)rpm.o
(archival/lib.a)tar.o
(archival/lib.a)unzip.o
archival/libarchive/lib.a
(archival/libarchive/lib.a)common.o
(archival/libarchive/lib.a)data_extract_all.o
(archival/libarchive/lib.a)data_extract_to_command.o
(archival/libarchive/lib.a)data_extract_to_stdout.o
(archival/libarchive/lib.a)data_skip.o
(archival/libarchive/lib.a)decompress_bunzip2.o
(archival/libarchive/lib.a)decompress_gunzip.o
(archival/libarchive/lib.a)decompress_unlzma.o
(archival/libarchive/lib.a)decompress_unxz.o
(archival/libarchive/lib.a)filter_accept_list.o
(archival/libarchive/lib.a)filter_accept_reject_list.o
(archival/libarchive/lib.a)find_list_entry.o
(archival/libarchive/lib.a)get_header_cpio.o
(archival/libarchive/lib.a)get_header_tar.o
(archival/libarchive/lib.a)header_list.o
(archival/libarchive/lib.a)header_verbose_list.o
(archival/libarchive/lib.a)init_handle.o
(archival/libarchive/lib.a)lzo1x_1.o
(archival/libarchive/lib.a)lzo1x_1o.o
(archival/libarchive/lib.a)lzo1x_d.o
(archival/libarchive/lib.a)open_transformer.o
(archival/libarchive/lib.a)seek_by_jump.o
(archival/libarchive/lib.a)seek_by_read.o
(archival/libarchive/lib.a)unsafe_prefix.o
(archival/libarchive/lib.a)unsafe_symlink_target.o
(archival/libarchive/lib.a)data_align.o
(archival/libarchive/lib.a)filter_accept_all.o
(archival/libarchive/lib.a)header_skip.o
console-tools/lib.a
(console-tools/lib.a)clear.o
(console-tools/lib.a)reset.o
(console-tools/lib.a)resize.o
coreutils/lib.a
(coreutils/lib.a)basename.o
(coreutils/lib.a)cat.o
(coreutils/lib.a)chgrp.o
(coreutils/lib.a)chmod.o
(coreutils/lib.a)chown.o
(coreutils/lib.a)chroot.o
(coreutils/lib.a)cksum.o
(coreutils/lib.a)comm.o
(coreutils/lib.a)cp.o
(coreutils/lib.a)cut.o
(coreutils/lib.a)date.o
(coreutils/lib.a)dd.o
(coreutils/lib.a)df.o
(coreutils/lib.a)dirname.o
(coreutils/lib.a)dos2unix.o
(coreutils/lib.a)du.o
(coreutils/lib.a)echo.o
(coreutils/lib.a)env.o
(coreutils/lib.a)expand.o
(coreutils/lib.a)expr.o
(coreutils/lib.a)factor.o
(coreutils/lib.a)false.o
(coreutils/lib.a)fold.o
(coreutils/lib.a)head.o
(coreutils/lib.a)hostid.o
(coreutils/lib.a)id.o
(coreutils/lib.a)install.o
(coreutils/lib.a)link.o
(coreutils/lib.a)ln.o
(coreutils/lib.a)logname.o
(coreutils/lib.a)ls.o
(coreutils/lib.a)md5_sha1_sum.o
(coreutils/lib.a)mkdir.o
(coreutils/lib.a)mkfifo.o
(coreutils/lib.a)mknod.o
(coreutils/lib.a)mktemp.o
(coreutils/lib.a)mv.o
(coreutils/lib.a)nice.o
(coreutils/lib.a)nl.o
(coreutils/lib.a)nohup.o
(coreutils/lib.a)nproc.o
(coreutils/lib.a)od.o
(coreutils/lib.a)paste.o
(coreutils/lib.a)printenv.o
(coreutils/lib.a)printf.o
(coreutils/lib.a)pwd.o
(coreutils/lib.a)readlink.o
(coreutils/lib.a)realpath.o
(coreutils/lib.a)rm.o
(coreutils/lib.a)rmdir.o
(coreutils/lib.a)seq.o
(coreutils/lib.a)shred.o
(coreutils/lib.a)shuf.o
(coreutils/lib.a)sleep.o
(coreutils/lib.a)sort.o
(coreutils/lib.a)split.o
(coreutils/lib.a)stty.o
(coreutils/lib.a)sum.o
(coreutils/lib.a)sync.o
(coreutils/lib.a)tac.o
(coreutils/lib.a)tail.o
(coreutils/lib.a)tee.o
(coreutils/lib.a)test.o
(coreutils/lib.a)test_ptr_hack.o
(coreutils/lib.a)timeout.o
(coreutils/lib.a)touch.o
(coreutils/lib.a)tr.o
(coreutils/lib.a)true.o
(coreutils/lib.a)truncate.o
(coreutils/lib.a)tsort.o
(coreutils/lib.a)tty.o
(coreutils/lib.a)uname.o
(coreutils/lib.a)uniq.o
(coreutils/lib.a)unlink.o
(coreutils/lib.a)usleep.o
(coreutils/lib.a)uudecode.o
(coreutils/lib.a)uuencode.o
(coreutils/lib.a)wc.o
(coreutils/lib.a)whoami.o
(coreutils/lib.a)yes.o
coreutils/libcoreutils/lib.a
(coreutils/libcoreutils/lib.a)cp_mv_stat.o
(coreutils/libcoreutils/lib.a)getopt_mk_fifo_nod.o
debianutils/lib.a
(debianutils/lib.a)pipe_progress.o
(debianutils/lib.a)run_parts.o
(debianutils/lib.a)start_stop_daemon.o
(debianutils/lib.a)which.o
klibc-utils/lib.a
(klibc-utils/lib.a)resume.o
e2fsprogs/lib.a
(e2fsprogs/lib.a)chattr.o
(e2fsprogs/lib.a)e2fs_lib.o
editors/lib.a
(editors/lib.a)awk.o
(editors/lib.a)cmp.o
(editors/lib.a)diff.o
(editors/lib.a)ed.o
(editors/lib.a)patch.o
(editors/lib.a)sed.o
(editors/lib.a)vi.o
findutils/lib.a
(findutils/lib.a)find.o
(findutils/lib.a)grep.o
(findutils/lib.a)xargs.o
init/lib.a
(init/lib.a)bootchartd.o
(init/lib.a)halt.o
(init/lib.a)init.o
libbb/lib.a
(libbb/lib.a)ask_confirmation.o
(libbb/lib.a)auto_string.o
(libbb/lib.a)bb_askpass.o
(libbb/lib.a)bb_cat.o
(libbb/lib.a)bb_do_delay.o
(libbb/lib.a)bb_getgroups.o
(libbb/lib.a)bb_getsockname.o
(libbb/lib.a)bb_pwd.o
(libbb/lib.a)bb_qsort.o
(libbb/lib.a)capability.o
(libbb/lib.a)change_identity.o
(libbb/lib.a)chomp.o
(libbb/lib.a)common_bufsiz.o
(libbb/lib.a)concat_subpath_file.o
(libbb/lib.a)copy_file.o
(libbb/lib.a)correct_password.o
(libbb/lib.a)crc32.o
(libbb/lib.a)device_open.o
(libbb/lib.a)dump.o
(libbb/lib.a)duration.o
(libbb/lib.a)endofname.o
(libbb/lib.a)executable.o
(libbb/lib.a)fclose_nonstdin.o
(libbb/lib.a)fflush_stdout_and_exit.o
(libbb/lib.a)fgets_str.o
(libbb/lib.a)find_mount_point.o
(libbb/lib.a)find_pid_by_name.o
(libbb/lib.a)find_root_device.o
(libbb/lib.a)get_cpu_count.o
(libbb/lib.a)get_line_from_file.o
(libbb/lib.a)get_shell_name.o
(libbb/lib.a)get_volsize.o
(libbb/lib.a)getopt32.o
(libbb/lib.a)getopt_allopts.o
(libbb/lib.a)getpty.o
(libbb/lib.a)hash_md5_sha.o
(libbb/lib.a)herror_msg.o
(libbb/lib.a)human_readable.o
(libbb/lib.a)inet_cksum.o
(libbb/lib.a)inode_hash.o
(libbb/lib.a)isdirectory.o
(libbb/lib.a)isqrt.o
(libbb/lib.a)iterate_on_dir.o
(libbb/lib.a)kernel_version.o
(libbb/lib.a)lineedit.o
(libbb/lib.a)lineedit_ptr_hack.o
(libbb/lib.a)llist.o
(libbb/lib.a)login.o
(libbb/lib.a)make_directory.o
(libbb/lib.a)makedev.o
(libbb/lib.a)match_fstype.o
(libbb/lib.a)mode_string.o
(libbb/lib.a)nuke_str.o
(libbb/lib.a)obscure.o
(libbb/lib.a)parse_config.o
(libbb/lib.a)parse_mode.o
(libbb/lib.a)percent_decode.o
(libbb/lib.a)perror_nomsg_and_die.o
(libbb/lib.a)pidfile.o
(libbb/lib.a)print_numbered_lines.o
(libbb/lib.a)printable.o
(libbb/lib.a)printable_string.o
(libbb/lib.a)process_escape_sequence.o
(libbb/lib.a)procps.o
(libbb/lib.a)progress.o
(libbb/lib.a)pw_encrypt.o
(libbb/lib.a)read_key.o
(libbb/lib.a)read_printf.o
(libbb/lib.a)recursive_action.o
(libbb/lib.a)remove_file.o
(libbb/lib.a)replace.o
(libbb/lib.a)run_shell.o
(libbb/lib.a)safe_gethostname.o
(libbb/lib.a)safe_poll.o
(libbb/lib.a)safe_strncpy.o
(libbb/lib.a)securetty.o
(libbb/lib.a)setup_environment.o
(libbb/lib.a)simplify_path.o
(libbb/lib.a)single_argv.o
(libbb/lib.a)skip_whitespace.o
(libbb/lib.a)speed_table.o
(libbb/lib.a)str_tolower.o
(libbb/lib.a)sysconf.o
(libbb/lib.a)trim.o
(libbb/lib.a)u_signal_names.o
(libbb/lib.a)ubi.o
(libbb/lib.a)udp_io.o
(libbb/lib.a)unicode.o
(libbb/lib.a)update_passwd.o
(libbb/lib.a)uuencode.o
(libbb/lib.a)vfork_daemon_rexec.o
(libbb/lib.a)warn_ignoring_args.o
(libbb/lib.a)wfopen.o
(libbb/lib.a)wfopen_input.o
(libbb/lib.a)write.o
(libbb/lib.a)xatonum.o
(libbb/lib.a)xconnect.o
(libbb/lib.a)xgethostbyname.o
(libbb/lib.a)xrealloc_vector.o
(libbb/lib.a)xregcomp.o
(libbb/lib.a)perror_nomsg.o
libpwdgrp/lib.a
(libpwdgrp/lib.a)pwd_grp.o
(libpwdgrp/lib.a)uidgid_get.o
loginutils/lib.a
mailutils/lib.a
miscutils/lib.a
modutils/lib.a
networking/lib.a
networking/libiproute/lib.a
networking/udhcp/lib.a
printutils/lib.a
procps/lib.a
runit/lib.a
selinux/lib.a
shell/lib.a
sysklogd/lib.a
util-linux/lib.a
util-linux/volume_id/lib.a
archival/built-in.o
archival/libarchive/built-in.o
console-tools/built-in.o
coreutils/built-in.o
coreutils/libcoreutils/built-in.o
debianutils/built-in.o
klibc-utils/built-in.o
e2fsprogs/built-in.o
editors/built-in.o
findutils/built-in.o
init/built-in.o
libbb/built-in.o
libpwdgrp/built-in.o
loginutils/built-in.o
mailutils/built-in.o
miscutils/built-in.o
modutils/built-in.o
networking/built-in.o
networking/libiproute/built-in.o
networking/udhcp/built-in.o
printutils/built-in.o
procps/built-in.o
runit/built-in.o
selinux/built-in.o
shell/built-in.o
sysklogd/built-in.o
util-linux/built-in.o
util-linux/volume_id/built-in.o
archival/lib.a
archival/libarchive/lib.a
console-tools/lib.a
coreutils/lib.a
coreutils/libcoreutils/lib.a
debianutils/lib.a
klibc-utils/lib.a
e2fsprogs/lib.a
editors/lib.a
findutils/lib.a
init/lib.a
libbb/lib.a
libpwdgrp/lib.a
loginutils/lib.a
mailutils/lib.a
miscutils/lib.a
modutils/lib.a
networking/lib.a
networking/libiproute/lib.a
networking/udhcp/lib.a
printutils/lib.a
procps/lib.a
runit/lib.a
selinux/lib.a
shell/lib.a
sysklogd/lib.a
util-linux/lib.a
util-linux/volume_id/lib.a
archival/built-in.o
archival/libarchive/built-in.o
console-tools/built-in.o
coreutils/built-in.o
coreutils/libcoreutils/built-in.o
debianutils/built-in.o
klibc-utils/built-in.o
e2fsprogs/built-in.o
editors/built-in.o
findutils/built-in.o
init/built-in.o
libbb/built-in.o
libpwdgrp/built-in.o
loginutils/built-in.o
mailutils/built-in.o
miscutils/built-in.o
modutils/built-in.o
networking/built-in.o
networking/libiproute/built-in.o
networking/udhcp/built-in.o
printutils/built-in.o
procps/built-in.o
runit/built-in.o
selinux/built-in.o
shell/built-in.o
sysklogd/built-in.o
util-linux/built-in.o
util-linux/volume_id/built-in.o
attempt to open /home/jihong/Templates/risc-v64-naruto-pi/compile_tools/output/linux/lib/gcc/riscv64-unknown-linux-gnu/13.2.0/libm.so failed
attempt to open /home/jihong/Templates/risc-v64-naruto-pi/compile_tools/output/linux/lib/gcc/riscv64-unknown-linux-gnu/13.2.0/libm.a failed
attempt to open /home/jihong/Templates/risc-v64-naruto-pi/compile_tools/output/linux/lib/gcc/riscv64-unknown-linux-gnu/13.2.0/../../../../riscv64-unknown-linux-gnu/lib/libm.so failed
attempt to open /home/jihong/Templates/risc-v64-naruto-pi/compile_tools/output/linux/lib/gcc/riscv64-unknown-linux-gnu/13.2.0/../../../../riscv64-unknown-linux-gnu/lib/libm.a failed
attempt to open /home/jihong/Templates/risc-v64-naruto-pi/compile_tools/output/linux/sysroot/lib/libm.so failed
attempt to open /home/jihong/Templates/risc-v64-naruto-pi/compile_tools/output/linux/sysroot/lib/libm.a failed
attempt to open /home/jihong/Templates/risc-v64-naruto-pi/compile_tools/output/linux/sysroot/usr/lib/libm.so succeeded
/home/jihong/Templates/risc-v64-naruto-pi/compile_tools/output/linux/sysroot/usr/lib/libm.so
attempt to open /home/jihong/Templates/risc-v64-naruto-pi/compile_tools/output/linux/lib/gcc/riscv64-unknown-linux-gnu/13.2.0/libgcc.so failed
attempt to open /home/jihong/Templates/risc-v64-naruto-pi/compile_tools/output/linux/lib/gcc/riscv64-unknown-linux-gnu/13.2.0/libgcc.a succeeded
/home/jihong/Templates/risc-v64-naruto-pi/compile_tools/output/linux/lib/gcc/riscv64-unknown-linux-gnu/13.2.0/libgcc.a
(/home/jihong/Templates/risc-v64-naruto-pi/compile_tools/output/linux/lib/gcc/riscv64-unknown-linux-gnu/13.2.0/libgcc.a)_bswapsi2.o
(/home/jihong/Templates/risc-v64-naruto-pi/compile_tools/output/linux/lib/gcc/riscv64-unknown-linux-gnu/13.2.0/libgcc.a)_bswapdi2.o
attempt to open /home/jihong/Templates/risc-v64-naruto-pi/compile_tools/output/linux/lib/gcc/riscv64-unknown-linux-gnu/13.2.0/libgcc_eh.so failed
attempt to open /home/jihong/Templates/risc-v64-naruto-pi/compile_tools/output/linux/lib/gcc/riscv64-unknown-linux-gnu/13.2.0/libgcc_eh.a succeeded
/home/jihong/Templates/risc-v64-naruto-pi/compile_tools/output/linux/lib/gcc/riscv64-unknown-linux-gnu/13.2.0/libgcc_eh.a
attempt to open /home/jihong/Templates/risc-v64-naruto-pi/compile_tools/output/linux/lib/gcc/riscv64-unknown-linux-gnu/13.2.0/libc.so failed
attempt to open /home/jihong/Templates/risc-v64-naruto-pi/compile_tools/output/linux/lib/gcc/riscv64-unknown-linux-gnu/13.2.0/libc.a failed
attempt to open /home/jihong/Templates/risc-v64-naruto-pi/compile_tools/output/linux/lib/gcc/riscv64-unknown-linux-gnu/13.2.0/../../../../riscv64-unknown-linux-gnu/lib/libc.so failed
attempt to open /home/jihong/Templates/risc-v64-naruto-pi/compile_tools/output/linux/lib/gcc/riscv64-unknown-linux-gnu/13.2.0/../../../../riscv64-unknown-linux-gnu/lib/libc.a failed
attempt to open /home/jihong/Templates/risc-v64-naruto-pi/compile_tools/output/linux/sysroot/lib/libc.so failed
attempt to open /home/jihong/Templates/risc-v64-naruto-pi/compile_tools/output/linux/sysroot/lib/libc.a failed
attempt to open /home/jihong/Templates/risc-v64-naruto-pi/compile_tools/output/linux/sysroot/usr/lib/libc.so succeeded
opened script file /home/jihong/Templates/risc-v64-naruto-pi/compile_tools/output/linux/sysroot/usr/lib/libc.so
/home/jihong/Templates/risc-v64-naruto-pi/compile_tools/output/linux/sysroot/usr/lib/libc.so
opened script file /home/jihong/Templates/risc-v64-naruto-pi/compile_tools/output/linux/sysroot/usr/lib/libc.so
attempt to open /home/jihong/Templates/risc-v64-naruto-pi/compile_tools/output/linux/sysroot/lib/libc.so.6 succeeded
/home/jihong/Templates/risc-v64-naruto-pi/compile_tools/output/linux/sysroot/lib/libc.so.6
/home/jihong/Templates/risc-v64-naruto-pi/compile_tools/output/linux/lib/gcc/riscv64-unknown-linux-gnu/13.2.0/../../../../riscv64-unknown-linux-gnu/bin/ld: coreutils/lib.a(mktemp.o): in function `mktemp_main':
mktemp.c:(.text.mktemp_main+0x92): warning: the use of `mktemp' is dangerous, better use `mkstemp' or `mkdtemp'
/home/jihong/Templates/risc-v64-naruto-pi/compile_tools/output/linux/lib/gcc/riscv64-unknown-linux-gnu/13.2.0/../../../../riscv64-unknown-linux-gnu/bin/ld: coreutils/lib.a(mktemp.o): note: the message above does not take linker garbage collection into account
attempt to open /home/jihong/Templates/risc-v64-naruto-pi/compile_tools/output/linux/sysroot/usr/lib/libc_nonshared.a succeeded
/home/jihong/Templates/risc-v64-naruto-pi/compile_tools/output/linux/sysroot/usr/lib/libc_nonshared.a
attempt to open /home/jihong/Templates/risc-v64-naruto-pi/compile_tools/output/linux/sysroot/lib/ld-linux-riscv64-lp64d.so.1 succeeded
/home/jihong/Templates/risc-v64-naruto-pi/compile_tools/output/linux/sysroot/lib/ld-linux-riscv64-lp64d.so.1
/home/jihong/Templates/risc-v64-naruto-pi/compile_tools/output/linux/sysroot/usr/lib/libc_nonshared.a
/home/jihong/Templates/risc-v64-naruto-pi/compile_tools/output/linux/sysroot/lib/ld-linux-riscv64-lp64d.so.1
attempt to open /home/jihong/Templates/risc-v64-naruto-pi/compile_tools/output/linux/lib/gcc/riscv64-unknown-linux-gnu/13.2.0/libgcc.so failed
attempt to open /home/jihong/Templates/risc-v64-naruto-pi/compile_tools/output/linux/lib/gcc/riscv64-unknown-linux-gnu/13.2.0/libgcc.a succeeded
/home/jihong/Templates/risc-v64-naruto-pi/compile_tools/output/linux/lib/gcc/riscv64-unknown-linux-gnu/13.2.0/libgcc.a
attempt to open /home/jihong/Templates/risc-v64-naruto-pi/compile_tools/output/linux/lib/gcc/riscv64-unknown-linux-gnu/13.2.0/libgcc_eh.so failed
attempt to open /home/jihong/Templates/risc-v64-naruto-pi/compile_tools/output/linux/lib/gcc/riscv64-unknown-linux-gnu/13.2.0/libgcc_eh.a succeeded
/home/jihong/Templates/risc-v64-naruto-pi/compile_tools/output/linux/lib/gcc/riscv64-unknown-linux-gnu/13.2.0/libgcc_eh.a
attempt to open /home/jihong/Templates/risc-v64-naruto-pi/compile_tools/output/linux/lib/gcc/riscv64-unknown-linux-gnu/13.2.0/crtend.o succeeded
/home/jihong/Templates/risc-v64-naruto-pi/compile_tools/output/linux/lib/gcc/riscv64-unknown-linux-gnu/13.2.0/crtend.o
attempt to open /home/jihong/Templates/risc-v64-naruto-pi/compile_tools/output/linux/lib/gcc/riscv64-unknown-linux-gnu/13.2.0/crtn.o succeeded
/home/jihong/Templates/risc-v64-naruto-pi/compile_tools/output/linux/lib/gcc/riscv64-unknown-linux-gnu/13.2.0/crtn.o
ld-linux-riscv64-lp64d.so.1 needed by /home/jihong/Templates/risc-v64-naruto-pi/compile_tools/output/linux/sysroot/lib/libc.so.6
found ld-linux-riscv64-lp64d.so.1 at /home/jihong/Templates/risc-v64-naruto-pi/compile_tools/output/linux/sysroot/lib/ld-linux-riscv64-lp64d.so.1
